#
# A fatal error has been detected by the Java Runtime Environment:
#
#  EXCEPTION_ACCESS_VIOLATION (0xc0000005) at pc=0x00007fff49f03772, pid=1200, tid=6824
#
# JRE version: OpenJDK Runtime Environment Temurin-17.0.3+7 (17.0.3+7) (build 17.0.3+7)
# Java VM: OpenJDK 64-Bit Server VM Temurin-17.0.3+7 (17.0.3+7, mixed mode, tiered, compressed oops, compressed class ptrs, parallel gc, windows-amd64)
# Problematic frame:
# V  [jvm.dll+0x373772]
#
# No core dump will be written. Minidumps are not enabled by default on client versions of Windows
#
# If you would like to submit a bug report, please visit:
#   https://github.com/adoptium/adoptium-support/issues
#

---------------  S U M M A R Y ------------

Command Line: --add-modules=ALL-SYSTEM --add-opens=java.base/java.util=ALL-UNNAMED --add-opens=java.base/java.lang=ALL-UNNAMED --add-opens=java.base/sun.nio.fs=ALL-UNNAMED -Declipse.application=org.eclipse.jdt.ls.core.id1 -Dosgi.bundles.defaultStartLevel=4 -Declipse.product=org.eclipse.jdt.ls.core.product -Djava.import.generatesMetadataFilesAtProjectRoot=false -Dfile.encoding=utf8 -DwatchParentProcess=false -XX:+UseParallelGC -XX:GCTimeRatio=4 -XX:AdaptiveSizePolicyWeight=90 -Dsun.zip.disableMemoryMapping=true -Xmx1G -Xms100m -javaagent:c:\Users\ad-brunomarques\.vscode\extensions\redhat.java-1.9.0-win32-x64\lombok\lombok-1.18.24.jar -XX:+HeapDumpOnOutOfMemoryError -XX:HeapDumpPath=c:\Users\ad-brunomarques\AppData\Roaming\Code\User\workspaceStorage\caced3f5f0bffc55a71e389093513d8f\redhat.java c:\Users\ad-brunomarques\.vscode\extensions\redhat.java-1.9.0-win32-x64\server\plugins\org.eclipse.equinox.launcher_1.6.400.v20210924-0641.jar -configuration c:\Users\ad-brunomarques\AppData\Roaming\Code\User\globalStorage\redhat.java\1.9.0\config_win -data c:\Users\ad-brunomarques\AppData\Roaming\Code\User\workspaceStorage\caced3f5f0bffc55a71e389093513d8f\redhat.java\jdt_ws

Host: Intel(R) Core(TM) i3-3220 CPU @ 3.30GHz, 4 cores, 7G,  Windows 10 , 64 bit Build 19041 (10.0.19041.1806)
Time: Wed Aug  3 07:57:39 2022 Hora oficial do Brasil elapsed time: 40.020677 seconds (0d 0h 0m 40s)

---------------  T H R E A D  ---------------

Current thread (0x000001d4542b97c0):  JavaThread "ForkJoinPool.commonPool-worker-2" daemon [_thread_in_vm, id=6824, stack(0x000000b4cfe00000,0x000000b4cff00000)]

Stack: [0x000000b4cfe00000,0x000000b4cff00000],  sp=0x000000b4cfefe7d0,  free space=1017k
Native frames: (J=compiled Java code, j=interpreted, Vv=VM code, C=native code)
V  [jvm.dll+0x373772]
V  [jvm.dll+0x36e2ad]
V  [jvm.dll+0x55ab5a]
V  [jvm.dll+0x55ba88]
V  [jvm.dll+0x55c3b1]
V  [jvm.dll+0x382dc7]
V  [jvm.dll+0x38241f]
C  0x000001d440bea02c

Java frames: (J=compiled Java code, j=interpreted, Vv=VM code)
j  org.eclipse.jdt.ls.core.internal.JavaClientConnection.configuration(Lorg/eclipse/lsp4j/ConfigurationParams;)Ljava/util/List;+5
j  org.eclipse.jdt.ls.core.internal.handlers.ConfigurationHandler.getFormattingOptions(Ljava/lang/String;)Ljava/util/Map;+115
j  org.eclipse.jdt.ls.core.internal.handlers.CodeActionHandler.getCodeActionCommands(Lorg/eclipse/lsp4j/CodeActionParams;Lorg/eclipse/core/runtime/IProgressMonitor;)Ljava/util/List;+48
j  org.eclipse.jdt.ls.core.internal.handlers.JDTLanguageServer.lambda$15(Lorg/eclipse/jdt/ls/core/internal/handlers/CodeActionHandler;Lorg/eclipse/lsp4j/CodeActionParams;Lorg/eclipse/core/runtime/IProgressMonitor;)Ljava/util/List;+8
j  org.eclipse.jdt.ls.core.internal.handlers.JDTLanguageServer$$Lambda$379+0x0000000100694b20.apply(Ljava/lang/Object;)Ljava/lang/Object;+16
j  org.eclipse.jdt.ls.core.internal.BaseJDTLanguageServer.lambda$0(Ljava/util/function/Function;Lorg/eclipse/lsp4j/jsonrpc/CancelChecker;)Ljava/lang/Object;+6
j  org.eclipse.jdt.ls.core.internal.BaseJDTLanguageServer$$Lambda$327+0x000000010064c488.apply(Ljava/lang/Object;)Ljava/lang/Object;+12
j  java.util.concurrent.CompletableFuture$UniApply.tryFire(I)Ljava/util/concurrent/CompletableFuture;+106 java.base@17.0.3
j  java.util.concurrent.CompletableFuture$Completion.exec()Z+2 java.base@17.0.3
j  java.util.concurrent.ForkJoinTask.doExec()I+10 java.base@17.0.3
j  java.util.concurrent.ForkJoinPool$WorkQueue.topLevelExec(Ljava/util/concurrent/ForkJoinTask;Ljava/util/concurrent/ForkJoinPool$WorkQueue;)V+13 java.base@17.0.3
j  java.util.concurrent.ForkJoinPool.scan(Ljava/util/concurrent/ForkJoinPool$WorkQueue;II)I+193 java.base@17.0.3
j  java.util.concurrent.ForkJoinPool.runWorker(Ljava/util/concurrent/ForkJoinPool$WorkQueue;)V+53 java.base@17.0.3
j  java.util.concurrent.ForkJoinWorkerThread.run()V+31 java.base@17.0.3
v  ~StubRoutines::call_stub

siginfo: EXCEPTION_ACCESS_VIOLATION (0xc0000005), reading address 0x00005cd45ad2abca


Register to memory mapping:

RIP=0x00007fff49f03772 jvm.dll
RAX=0x0000000000000005 is an unknown value
RBX=0x000001d45ad3b298 is pointing into metadata
RCX=0x00005cd45ad2aba8 is an unknown value
RDX={method} {0x000001d45ad2ac18} 'createProgress' '(Lorg/eclipse/lsp4j/WorkDoneProgressCreateParams;)Ljava/util/concurrent/CompletableFuture;' in 'org/eclipse/lsp4j/services/LanguageClient'
RSP=0x000000b4cfefe7d0 is pointing into the stack for thread: 0x000001d4542b97c0
RBP=0x0000000000000001 is an unknown value
RSI=0x000001d45ad3b298 is pointing into metadata
RDI=0x000001d43dfc90c0 points into unknown readable memory: 0x6f63000d62d1ffff | ff ff d1 62 0d 00 63 6f
R8 =0x000000000000000b is an unknown value
R9 =0x0 is NULL
R10=0x000001d43dfc90c0 points into unknown readable memory: 0x6f63000d62d1ffff | ff ff d1 62 0d 00 63 6f
R11=0xffffffffffffffff is an unknown value
R12=0x0 is NULL
R13=0x000001d45ad7372d is pointing into metadata
R14=0x0 is NULL
R15=0x00000001003d2170 is a pointer to class: 
org.eclipse.jdt.ls.core.internal.JavaClientConnection$JavaLanguageClient {0x00000001003d2178}
 - instance size:     2
 - klass size:        63
 - access:            public interface abstract 
 - state:             fully_initialized
 - name:              'org/eclipse/jdt/ls/core/internal/JavaClientConnection$JavaLanguageClient'
 - super:             'java/lang/Object'
 - sub:               
 - nof implementors:  1
 - implementor:    
   'jdk/proxy6/$Proxy28'
 - arrays:            NULL
 - methods:           Array<T>(0x000001d45ad3b230)
 - method ordering:   Array<T>(0x000001d452000018)
 - default_methods:   Array<T>(0x000001d45ad3b298)
 - default vtable indices:   Array<T>(0x000001d45ad3b300)
 - local interfaces:  Array<T>(0x000001d45ad3a430)
 - trans. interfaces: Array<T>(0x000001d45ad3a430)
 - constants:         constant pool [81] {0x000001d45ad3af28} for 'org/eclipse/jdt/ls/core/internal/JavaClientConnection$JavaLanguageClient' cache=0x000001d45ad3b338
 - class loader data:  loader data: 0x000001d455122ba0 for instance a 'org/eclipse/osgi/internal/loader/EquinoxClassLoader'{0x00000000c035cd38}
 - source file:       'JavaClientConnection.java'
 - class annotations:       Array<T>(0x0000000000000000)
 - class type annotations:  Array<T>(0x0000000000000000)
 - field annotations:       Array<T>(0x0000000000000000)
 - field type annotations:  Array<T>(0x0000000000000000)
 - inner classes:     Array<T>(0x000001d45ad3aa88)
 - nest members:     Array<T>(0x000001d452000028)
 - permitted subclasses:     Array<T>(0x000001d452000028)
 - java mirror:       a 'java/lang/Class'{0x00000000c0b4b698} = 'org/eclipse/jdt/ls/core/internal/JavaClientConnection$JavaLanguageClient'
 - vtable length      5  (start addr: 0x00000001003d2338)
 - itable length      0 (start addr: 0x00000001003d2360)
 - ---- static fields (0 words):
 - ---- non-static fields (0 words):
 - non-static oop maps: 


Registers:
RAX=0x0000000000000005, RBX=0x000001d45ad3b298, RCX=0x00005cd45ad2aba8, RDX=0x000001d45ad2ac10
RSP=0x000000b4cfefe7d0, RBP=0x0000000000000001, RSI=0x000001d45ad3b298, RDI=0x000001d43dfc90c0
R8 =0x000000000000000b, R9 =0x0000000000000000, R10=0x000001d43dfc90c0, R11=0xffffffffffffffff
R12=0x0000000000000000, R13=0x000001d45ad7372d, R14=0x0000000000000000, R15=0x00000001003d2170
RIP=0x00007fff49f03772, EFLAGS=0x0000000000010207

Top of Stack: (sp=0x000000b4cfefe7d0)
0x000000b4cfefe7d0:   000001d453c23530 00007fff49efe2ad
0x000000b4cfefe7e0:   000001d45ad73760 000001d45ad73760
0x000000b4cfefe7f0:   00000001003d2170 0000000000000000
0x000000b4cfefe800:   000001d43dfc90c0 00007fff4a0eab5a
0x000000b4cfefe810:   00000001003d2170 000001d453c23530
0x000000b4cfefe820:   000001d453c23530 000001d43dfc90c0
0x000000b4cfefe830:   000001d400000000 00007fff49eff812
0x000000b4cfefe840:   00000000000000b9 00007fff4a0eba88
0x000000b4cfefe850:   000001d455a2a198 000000b4cfefe950
0x000000b4cfefe860:   000001d4542b97c0 000000b4cfefea30
0x000000b4cfefe870:   00000001003d2cb0 00000000c0b82a40
0x000000b4cfefe880:   0000000000000001 000000b4cfefebf0
0x000000b4cfefe890:   000001d45398adf0 00007fff4a0e98fc
0x000000b4cfefe8a0:   00000001003d2cb0 000001d4542b97c0
0x000000b4cfefe8b0:   000001d45398adf0 000001d455a2a180
0x000000b4cfefe8c0:   000001d455a2a1b0 00007fff49d5ddc2 

Instructions: (pc=0x00007fff49f03772)
0x00007fff49f03672:   0f 00 00 4c 8d 05 54 e3 5e 00 48 8d 0d bd d4 5e
0x00007fff49f03682:   00 e8 e8 1c ed ff e8 e3 23 30 00 c6 05 ed 85 7f
0x00007fff49f03692:   00 01 4c 8b f3 48 8b 9b 78 01 00 00 41 ff c4 48
0x00007fff49f036a2:   85 db 0f 85 06 ff ff ff 48 8b bc 24 88 00 00 00
0x00007fff49f036b2:   48 8b ac 24 90 00 00 00 48 83 3d 6e 86 7f 00 00
0x00007fff49f036c2:   4c 8b 6c 24 40 48 8b 5c 24 68 74 12 44 8b c6 48
0x00007fff49f036d2:   8d 0d 28 e3 5e 00 41 8b d4 e8 10 5f ff ff 48 83
0x00007fff49f036e2:   3f 00 4c 8b 64 24 48 48 8b 74 24 58 74 18 48 8b
0x00007fff49f036f2:   94 24 98 00 00 00 49 8b cf e8 d0 8e d3 ff 48 8b
0x00007fff49f03702:   cf e8 38 8e d3 ff 48 8b 44 24 20 49 89 7f 10 48
0x00007fff49f03712:   8b 7c 24 50 49 89 6f 18 48 8b 6c 24 60 49 89 47
0x00007fff49f03722:   20 4c 8b 7c 24 38 48 83 c4 70 41 5e c3 cc 40 53
0x00007fff49f03732:   80 3d 47 85 7f 00 00 4c 8b d2 48 8b d9 74 06 5b
0x00007fff49f03742:   e9 39 c3 ff ff 44 8b 01 45 33 c9 41 83 e8 01 78
0x00007fff49f03752:   3f 0f 1f 40 00 66 0f 1f 84 00 00 00 00 00 43 8d
0x00007fff49f03762:   04 08 d1 f8 48 63 c8 48 8b 54 cb 08 48 8b 4a 08
0x00007fff49f03772:   0f b7 51 22 48 8b 49 08 4c 39 54 d1 48 73 06 44
0x00007fff49f03782:   8d 48 01 eb 06 74 0e 44 8d 40 ff 45 3b c8 7e ce
0x00007fff49f03792:   b8 ff ff ff ff 5b c3 cc cc cc cc cc cc cc 4c 8b
0x00007fff49f037a2:   dc 53 57 48 81 ec e8 00 00 00 48 8b 05 e5 d1 7b
0x00007fff49f037b2:   00 48 33 c4 48 89 84 24 d0 00 00 00 49 89 73 20
0x00007fff49f037c2:   33 ff 4d 89 73 e8 48 8b f2 4c 8b f1 48 85 c9 75
0x00007fff49f037d2:   04 8b df eb 5e 48 89 ac 24 10 01 00 00 48 8b aa
0x00007fff49f037e2:   38 02 00 00 48 8b 5d 18 48 83 fb f7 76 18 4c 8d
0x00007fff49f037f2:   05 d1 fa 59 00 ba 08 00 00 00 48 8b cd e8 4c 8e
0x00007fff49f03802:   d3 ff 48 8b 5d 18 48 8d 43 08 48 3b 45 20 76 14
0x00007fff49f03812:   45 33 c0 48 8b cd 41 8d 50 08 e8 af 8a d3 ff 48
0x00007fff49f03822:   8b d8 eb 04 48 89 45 18 48 8b ac 24 10 01 00 00
0x00007fff49f03832:   4c 89 33 48 8b 0d 8c df 82 00 48 8d 44 24 58 48
0x00007fff49f03842:   89 84 24 a8 00 00 00 48 8d 84 24 99 00 00 00 48
0x00007fff49f03852:   89 84 24 b0 00 00 00 c7 44 24 38 0e 00 00 00 48
0x00007fff49f03862:   89 bc 24 c8 00 00 00 c7 84 24 bc 00 00 00 08 00 


Stack slot to memory mapping:
stack at sp + 0 slots: 0x000001d453c23530 points into unknown readable memory: 0x4c280051f2c70003 | 03 00 c7 f2 51 00 28 4c
stack at sp + 1 slots: 0x00007fff49efe2ad jvm.dll
stack at sp + 2 slots: {method} {0x000001d45ad73768} 'configuration' '(Lorg/eclipse/lsp4j/ConfigurationParams;)Ljava/util/List;' in 'org/eclipse/jdt/ls/core/internal/JavaClientConnection'
stack at sp + 3 slots: {method} {0x000001d45ad73768} 'configuration' '(Lorg/eclipse/lsp4j/ConfigurationParams;)Ljava/util/List;' in 'org/eclipse/jdt/ls/core/internal/JavaClientConnection'
stack at sp + 4 slots: 0x00000001003d2170 is a pointer to class: 
org.eclipse.jdt.ls.core.internal.JavaClientConnection$JavaLanguageClient {0x00000001003d2178}
 - instance size:     2
 - klass size:        63
 - access:            public interface abstract 
 - state:             fully_initialized
 - name:              'org/eclipse/jdt/ls/core/internal/JavaClientConnection$JavaLanguageClient'
 - super:             'java/lang/Object'
 - sub:               
 - nof implementors:  1
 - implementor:    
   'jdk/proxy6/$Proxy28'
 - arrays:            NULL
 - methods:           Array<T>(0x000001d45ad3b230)
 - method ordering:   Array<T>(0x000001d452000018)
 - default_methods:   Array<T>(0x000001d45ad3b298)
 - default vtable indices:   Array<T>(0x000001d45ad3b300)
 - local interfaces:  Array<T>(0x000001d45ad3a430)
 - trans. interfaces: Array<T>(0x000001d45ad3a430)
 - constants:         constant pool [81] {0x000001d45ad3af28} for 'org/eclipse/jdt/ls/core/internal/JavaClientConnection$JavaLanguageClient' cache=0x000001d45ad3b338
 - class loader data:  loader data: 0x000001d455122ba0 for instance a 'org/eclipse/osgi/internal/loader/EquinoxClassLoader'{0x00000000c035cd38}
 - source file:       'JavaClientConnection.java'
 - class annotations:       Array<T>(0x0000000000000000)
 - class type annotations:  Array<T>(0x0000000000000000)
 - field annotations:       Array<T>(0x0000000000000000)
 - field type annotations:  Array<T>(0x0000000000000000)
 - inner classes:     Array<T>(0x000001d45ad3aa88)
 - nest members:     Array<T>(0x000001d452000028)
 - permitted subclasses:     Array<T>(0x000001d452000028)
 - java mirror:       a 'java/lang/Class'{0x00000000c0b4b698} = 'org/eclipse/jdt/ls/core/internal/JavaClientConnection$JavaLanguageClient'
 - vtable length      5  (start addr: 0x00000001003d2338)
 - itable length      0 (start addr: 0x00000001003d2360)
 - ---- static fields (0 words):
 - ---- non-static fields (0 words):
 - non-static oop maps: 
stack at sp + 5 slots: 0x0 is NULL
stack at sp + 6 slots: 0x000001d43dfc90c0 points into unknown readable memory: 0x6f63000d62d1ffff | ff ff d1 62 0d 00 63 6f
stack at sp + 7 slots: 0x00007fff4a0eab5a jvm.dll


---------------  P R O C E S S  ---------------

Threads class SMR info:
_java_thread_list=0x000001d45705adf0, length=30, elements={
0x000001d43df447d0, 0x000001d451d53750, 0x000001d451d542d0, 0x000001d451d8e130,
0x000001d451d8ecb0, 0x000001d451d91c40, 0x000001d451d94680, 0x000001d451d95320,
0x000001d4537100f0, 0x000001d45371baf0, 0x000001d4537cb250, 0x000001d4539cb1f0,
0x000001d454da1d90, 0x000001d454e09230, 0x000001d454e24920, 0x000001d4541d6900,
0x000001d455090500, 0x000001d4552a8460, 0x000001d4539aff30, 0x000001d4539b0400,
0x000001d4539b0da0, 0x000001d4539b08d0, 0x000001d4539b1270, 0x000001d4539ad8b0,
0x000001d4539ae250, 0x000001d4542bf800, 0x000001d4542b97c0, 0x000001d4542bc310,
0x000001d4542bfcd0, 0x000001d4571bf210
}

Java Threads: ( => current thread )
  0x000001d43df447d0 JavaThread "main" [_thread_blocked, id=6676, stack(0x000000b4cd700000,0x000000b4cd800000)]
  0x000001d451d53750 JavaThread "Reference Handler" daemon [_thread_blocked, id=5512, stack(0x000000b4cda00000,0x000000b4cdb00000)]
  0x000001d451d542d0 JavaThread "Finalizer" daemon [_thread_blocked, id=4564, stack(0x000000b4cdb00000,0x000000b4cdc00000)]
  0x000001d451d8e130 JavaThread "Signal Dispatcher" daemon [_thread_blocked, id=7480, stack(0x000000b4cdc00000,0x000000b4cdd00000)]
  0x000001d451d8ecb0 JavaThread "Attach Listener" daemon [_thread_blocked, id=5316, stack(0x000000b4cdd00000,0x000000b4cde00000)]
  0x000001d451d91c40 JavaThread "Service Thread" daemon [_thread_blocked, id=468, stack(0x000000b4cde00000,0x000000b4cdf00000)]
  0x000001d451d94680 JavaThread "Monitor Deflation Thread" daemon [_thread_blocked, id=7788, stack(0x000000b4cdf00000,0x000000b4ce000000)]
  0x000001d451d95320 JavaThread "C2 CompilerThread0" daemon [_thread_blocked, id=7140, stack(0x000000b4ce000000,0x000000b4ce100000)]
  0x000001d4537100f0 JavaThread "C1 CompilerThread0" daemon [_thread_blocked, id=7980, stack(0x000000b4ce100000,0x000000b4ce200000)]
  0x000001d45371baf0 JavaThread "Sweeper thread" daemon [_thread_blocked, id=1292, stack(0x000000b4ce200000,0x000000b4ce300000)]
  0x000001d4537cb250 JavaThread "Common-Cleaner" daemon [_thread_blocked, id=3928, stack(0x000000b4ce300000,0x000000b4ce400000)]
  0x000001d4539cb1f0 JavaThread "Notification Thread" daemon [_thread_blocked, id=7876, stack(0x000000b4ce400000,0x000000b4ce500000)]
  0x000001d454da1d90 JavaThread "Active Thread: Equinox Container: 60756779-521a-4554-83af-5efe95d5f0d2" [_thread_blocked, id=4116, stack(0x000000b4cea00000,0x000000b4ceb00000)]
  0x000001d454e09230 JavaThread "Framework Event Dispatcher: Equinox Container: 60756779-521a-4554-83af-5efe95d5f0d2" daemon [_thread_blocked, id=1328, stack(0x000000b4ce900000,0x000000b4cea00000)]
  0x000001d454e24920 JavaThread "Start Level: Equinox Container: 60756779-521a-4554-83af-5efe95d5f0d2" daemon [_thread_blocked, id=6236, stack(0x000000b4ceb00000,0x000000b4cec00000)]
  0x000001d4541d6900 JavaThread "SCR Component Actor" daemon [_thread_blocked, id=2016, stack(0x000000b4cec00000,0x000000b4ced00000)]
  0x000001d455090500 JavaThread "Worker-JM" [_thread_blocked, id=6080, stack(0x000000b4cee00000,0x000000b4cef00000)]
  0x000001d4552a8460 JavaThread "Worker-0" [_thread_blocked, id=248, stack(0x000000b4cef00000,0x000000b4cf000000)]
  0x000001d4539aff30 JavaThread "Worker-1" [_thread_blocked, id=7608, stack(0x000000b4cf000000,0x000000b4cf100000)]
  0x000001d4539b0400 JavaThread "Bundle File Closer" daemon [_thread_blocked, id=7584, stack(0x000000b4cf100000,0x000000b4cf200000)]
  0x000001d4539b0da0 JavaThread "Worker-2" [_thread_blocked, id=6252, stack(0x000000b4cf200000,0x000000b4cf300000)]
  0x000001d4539b08d0 JavaThread "Worker-3" [_thread_blocked, id=208, stack(0x000000b4cf300000,0x000000b4cf400000)]
  0x000001d4539b1270 JavaThread "Java indexing" daemon [_thread_blocked, id=8072, stack(0x000000b4cf500000,0x000000b4cf600000)]
  0x000001d4539ad8b0 JavaThread "pool-1-thread-1" [_thread_blocked, id=6852, stack(0x000000b4cf800000,0x000000b4cf900000)]
  0x000001d4539ae250 JavaThread "Refresh Thread: Equinox Container: 60756779-521a-4554-83af-5efe95d5f0d2" daemon [_thread_blocked, id=7228, stack(0x000000b4ced00000,0x000000b4cee00000)]
  0x000001d4542bf800 JavaThread "ForkJoinPool.commonPool-worker-1" daemon [_thread_blocked, id=6628, stack(0x000000b4cfd00000,0x000000b4cfe00000)]
=>0x000001d4542b97c0 JavaThread "ForkJoinPool.commonPool-worker-2" daemon [_thread_in_vm, id=6824, stack(0x000000b4cfe00000,0x000000b4cff00000)]
  0x000001d4542bc310 JavaThread "Worker-4" [_thread_blocked, id=7612, stack(0x000000b4cff00000,0x000000b4d0000000)]
  0x000001d4542bfcd0 JavaThread "ForkJoinPool.commonPool-worker-3" daemon [_thread_blocked, id=5640, stack(0x000000b4cf400000,0x000000b4cf500000)]
  0x000001d4571bf210 JavaThread "C2 CompilerThread1" daemon [_thread_blocked, id=4228, stack(0x000000b4cf900000,0x000000b4cfa00000)]

Other Threads:
  0x000001d451d3bba0 VMThread "VM Thread" [stack: 0x000000b4cd900000,0x000000b4cda00000] [id=5456] _threads_hazard_ptr=0x000001d45705adf0
  0x000001d4539c7af0 WatcherThread [stack: 0x000000b4ce500000,0x000000b4ce600000] [id=5916]
  0x000001d43df5c5d0 GCTaskThread "GC Thread#0" [stack: 0x000000b4cd800000,0x000000b4cd900000] [id=2276]
  0x000001d45400dbd0 GCTaskThread "GC Thread#1" [stack: 0x000000b4ce600000,0x000000b4ce700000] [id=4312]
  0x000001d45400de80 GCTaskThread "GC Thread#2" [stack: 0x000000b4ce700000,0x000000b4ce800000] [id=5420]
  0x000001d453e98850 GCTaskThread "GC Thread#3" [stack: 0x000000b4ce800000,0x000000b4ce900000] [id=4104]

Threads with active compile tasks:
C2 CompilerThread0    40078 6928       4       org.objectweb.asm.SymbolTable::<init> (536 bytes)

VM state: synchronizing (normal execution)

VM Mutex/Monitor currently owned by a thread:  ([mutex/lock_event])
[0x000001d43df36780] Threads_lock - owner thread: 0x000001d451d3bba0
[0x000001d43df352b0] Heap_lock - owner thread: 0x000001d4542bf800

Heap address: 0x00000000c0000000, size: 1024 MB, Compressed Oops mode: 32-bit

CDS archive(s) not mapped
Compressed class space mapped at: 0x0000000100000000-0x0000000140000000, reserved size: 1073741824
Narrow klass base: 0x0000000000000000, Narrow klass shift: 3, Narrow klass range: 0x140000000

GC Precious Log:
 CPUs: 4 total, 4 available
 Memory: 8109M
 Large Page Support: Disabled
 NUMA Support: Disabled
 Compressed Oops: Enabled (32-bit)
 Alignments: Space 512K, Generation 512K, Heap 2M
 Heap Min Capacity: 100M
 Heap Initial Capacity: 100M
 Heap Max Capacity: 1G
 Pre-touch: Disabled
 Parallel Workers: 4

Heap:
 PSYoungGen      total 35328K, used 34848K [0x00000000eab00000, 0x00000000edd80000, 0x0000000100000000)
  eden space 20480K, 100% used [0x00000000eab00000,0x00000000ebf00000,0x00000000ebf00000)
  from space 14848K, 96% used [0x00000000ecf00000,0x00000000edd08000,0x00000000edd80000)
  to   space 14848K, 0% used [0x00000000ec080000,0x00000000ec080000,0x00000000ecf00000)
 ParOldGen       total 77824K, used 64495K [0x00000000c0000000, 0x00000000c4c00000, 0x00000000eab00000)
  object space 77824K, 82% used [0x00000000c0000000,0x00000000c3efbd20,0x00000000c4c00000)
 Metaspace       used 59548K, committed 60480K, reserved 1105920K
  class space    used 6288K, committed 6720K, reserved 1048576K

Card table byte_map: [0x000001d43d920000,0x000001d43db30000] _byte_map_base: 0x000001d43d320000

Marking Bits: (ParMarkBitMap*) 0x00007fff4a714b80
 Begin Bits: [0x000001d44fbd0000, 0x000001d450bd0000)
 End Bits:   [0x000001d450bd0000, 0x000001d451bd0000)

Polling page: 0x000001d43c0f0000

Metaspace:

Usage:
  Non-class:     52.01 MB used.
      Class:      6.14 MB used.
       Both:     58.15 MB used.

Virtual space:
  Non-class space:       56.00 MB reserved,      52.50 MB ( 94%) committed,  7 nodes.
      Class space:        1.00 GB reserved,       6.56 MB ( <1%) committed,  1 nodes.
             Both:        1.05 GB reserved,      59.06 MB (  5%) committed. 

Chunk freelists:
   Non-Class:  3.22 MB
       Class:  1.39 MB
        Both:  4.61 MB

MaxMetaspaceSize: unlimited
CompressedClassSpaceSize: 1.00 GB
Initial GC threshold: 21.00 MB
Current GC threshold: 96.50 MB
CDS: off
MetaspaceReclaimPolicy: balanced
 - commit_granule_bytes: 65536.
 - commit_granule_words: 8192.
 - virtual_space_node_default_size: 1048576.
 - enlarge_chunks_in_place: 1.
 - new_chunks_are_fully_committed: 0.
 - uncommit_free_chunks: 1.
 - use_allocation_guard: 0.
 - handle_deallocations: 1.


Internal statistics:

num_allocs_failed_limit: 8.
num_arena_births: 382.
num_arena_deaths: 14.
num_vsnodes_births: 8.
num_vsnodes_deaths: 0.
num_space_committed: 945.
num_space_uncommitted: 0.
num_chunks_returned_to_freelist: 22.
num_chunks_taken_from_freelist: 2564.
num_chunk_merges: 12.
num_chunk_splits: 1671.
num_chunks_enlarged: 1092.
num_purges: 2.
num_inconsistent_stats: 0.

CodeHeap 'non-profiled nmethods': size=120000Kb used=3601Kb max_used=3601Kb free=116398Kb
 bounds [0x000001d4486a0000, 0x000001d448a30000, 0x000001d44fbd0000]
CodeHeap 'profiled nmethods': size=120000Kb used=13634Kb max_used=13634Kb free=106366Kb
 bounds [0x000001d441170000, 0x000001d441ed0000, 0x000001d4486a0000]
CodeHeap 'non-nmethods': size=5760Kb used=1327Kb max_used=1395Kb free=4432Kb
 bounds [0x000001d440bd0000, 0x000001d440e40000, 0x000001d441170000]
 total_blobs=6781 nmethods=6113 adapters=582
 compilation: enabled
              stopped_count=0, restarted_count=0
 full_count=0

Compilation events (20 events):
Event: 39.832 Thread 0x000001d4537100f0 nmethod 6914 0x000001d441ea0190 code [0x000001d441ea0480, 0x000001d441ea1218]
Event: 39.832 Thread 0x000001d4537100f0 6915       3       jdk.internal.org.objectweb.asm.ClassReader::<init> (8 bytes)
Event: 39.832 Thread 0x000001d4537100f0 nmethod 6915 0x000001d441ea1710 code [0x000001d441ea18a0, 0x000001d441ea19e8]
Event: 39.840 Thread 0x000001d4537100f0 6916       3       java.lang.invoke.LambdaProxyClassArchive::find (63 bytes)
Event: 39.841 Thread 0x000001d4537100f0 nmethod 6916 0x000001d441ea1a90 code [0x000001d441ea1ca0, 0x000001d441ea23d8]
Event: 39.841 Thread 0x000001d4537100f0 6919       3       java.lang.invoke.InnerClassLambdaMetafactory$ForwardingMethodGenerator::convertArgumentTypes (96 bytes)
Event: 39.842 Thread 0x000001d4537100f0 nmethod 6919 0x000001d441ea2610 code [0x000001d441ea2860, 0x000001d441ea32b8]
Event: 39.842 Thread 0x000001d4537100f0 6917   !   3       java.lang.invoke.InnerClassLambdaMetafactory::generateInnerClass (617 bytes)
Event: 39.843 Thread 0x000001d451d95320 6921   !   4       org.eclipse.osgi.storage.bundlefile.CloseableBundleFile::decrementReference (58 bytes)
Event: 39.846 Thread 0x000001d4537100f0 nmethod 6917 0x000001d441ea3810 code [0x000001d441ea3d00, 0x000001d441ea62c8]
Event: 39.846 Thread 0x000001d4537100f0 6918       3       java.lang.invoke.InnerClassLambdaMetafactory$ForwardingMethodGenerator::<init> (11 bytes)
Event: 39.846 Thread 0x000001d4537100f0 nmethod 6918 0x000001d441ea7310 code [0x000001d441ea74c0, 0x000001d441ea7688]
Event: 39.846 Thread 0x000001d4537100f0 6920   !   3       java.lang.invoke.MethodHandles$Lookup$ClassFile::newInstance (370 bytes)
Event: 39.851 Thread 0x000001d4537100f0 nmethod 6920 0x000001d441ea7790 code [0x000001d441ea7e40, 0x000001d441eaadd8]
Event: 39.852 Thread 0x000001d4537100f0 6922       3       java.lang.invoke.AbstractValidatingLambdaMetafactory::validateMetafactoryArgs (607 bytes)
Event: 39.852 Thread 0x000001d451d95320 nmethod 6921 0x000001d448a23310 code [0x000001d448a234e0, 0x000001d448a238b0]
Event: 39.861 Thread 0x000001d4537100f0 nmethod 6922 0x000001d441eac490 code [0x000001d441eacec0, 0x000001d441eb3d88]
Event: 39.861 Thread 0x000001d4537100f0 6925   !   3       java.lang.reflect.Proxy::newProxyInstance (75 bytes)
Event: 39.862 Thread 0x000001d4537100f0 nmethod 6925 0x000001d441eb6610 code [0x000001d441eb6860, 0x000001d441eb7308]
Event: 39.862 Thread 0x000001d4537100f0 6923   !   3       java.lang.invoke.InnerClassLambdaMetafactory::buildCallSite (205 bytes)

GC Heap History (20 events):
Event: 24.953 GC heap before
{Heap before GC invocations=23 (full 2):
 PSYoungGen      total 21504K, used 21142K [0x00000000eab00000, 0x00000000ec380000, 0x0000000100000000)
  eden space 20480K, 100% used [0x00000000eab00000,0x00000000ebf00000,0x00000000ebf00000)
  from space 1024K, 64% used [0x00000000ec280000,0x00000000ec325ba8,0x00000000ec380000)
  to   space 1536K, 0% used [0x00000000ec080000,0x00000000ec080000,0x00000000ec200000)
 ParOldGen       total 68608K, used 31984K [0x00000000c0000000, 0x00000000c4300000, 0x00000000eab00000)
  object space 68608K, 46% used [0x00000000c0000000,0x00000000c1f3c058,0x00000000c4300000)
 Metaspace       used 50408K, committed 51264K, reserved 1097728K
  class space    used 5368K, committed 5760K, reserved 1048576K
}
Event: 24.955 GC heap after
{Heap after GC invocations=23 (full 2):
 PSYoungGen      total 22016K, used 1334K [0x00000000eab00000, 0x00000000ec300000, 0x0000000100000000)
  eden space 20480K, 0% used [0x00000000eab00000,0x00000000eab00000,0x00000000ebf00000)
  from space 1536K, 86% used [0x00000000ec080000,0x00000000ec1cd818,0x00000000ec200000)
  to   space 1024K, 0% used [0x00000000ec200000,0x00000000ec200000,0x00000000ec300000)
 ParOldGen       total 68608K, used 32546K [0x00000000c0000000, 0x00000000c4300000, 0x00000000eab00000)
  object space 68608K, 47% used [0x00000000c0000000,0x00000000c1fc8968,0x00000000c4300000)
 Metaspace       used 50408K, committed 51264K, reserved 1097728K
  class space    used 5368K, committed 5760K, reserved 1048576K
}
Event: 25.182 GC heap before
{Heap before GC invocations=24 (full 2):
 PSYoungGen      total 22016K, used 21814K [0x00000000eab00000, 0x00000000ec300000, 0x0000000100000000)
  eden space 20480K, 100% used [0x00000000eab00000,0x00000000ebf00000,0x00000000ebf00000)
  from space 1536K, 86% used [0x00000000ec080000,0x00000000ec1cd818,0x00000000ec200000)
  to   space 1024K, 0% used [0x00000000ec200000,0x00000000ec200000,0x00000000ec300000)
 ParOldGen       total 68608K, used 32546K [0x00000000c0000000, 0x00000000c4300000, 0x00000000eab00000)
  object space 68608K, 47% used [0x00000000c0000000,0x00000000c1fc8968,0x00000000c4300000)
 Metaspace       used 50437K, committed 51264K, reserved 1097728K
  class space    used 5368K, committed 5760K, reserved 1048576K
}
Event: 25.184 GC heap after
{Heap after GC invocations=24 (full 2):
 PSYoungGen      total 21504K, used 875K [0x00000000eab00000, 0x00000000ec300000, 0x0000000100000000)
  eden space 20480K, 0% used [0x00000000eab00000,0x00000000eab00000,0x00000000ebf00000)
  from space 1024K, 85% used [0x00000000ec200000,0x00000000ec2dae70,0x00000000ec300000)
  to   space 1536K, 0% used [0x00000000ec000000,0x00000000ec000000,0x00000000ec180000)
 ParOldGen       total 68608K, used 33040K [0x00000000c0000000, 0x00000000c4300000, 0x00000000eab00000)
  object space 68608K, 48% used [0x00000000c0000000,0x00000000c2044258,0x00000000c4300000)
 Metaspace       used 50437K, committed 51264K, reserved 1097728K
  class space    used 5368K, committed 5760K, reserved 1048576K
}
Event: 26.029 GC heap before
{Heap before GC invocations=25 (full 2):
 PSYoungGen      total 21504K, used 21355K [0x00000000eab00000, 0x00000000ec300000, 0x0000000100000000)
  eden space 20480K, 100% used [0x00000000eab00000,0x00000000ebf00000,0x00000000ebf00000)
  from space 1024K, 85% used [0x00000000ec200000,0x00000000ec2dae70,0x00000000ec300000)
  to   space 1536K, 0% used [0x00000000ec000000,0x00000000ec000000,0x00000000ec180000)
 ParOldGen       total 68608K, used 33040K [0x00000000c0000000, 0x00000000c4300000, 0x00000000eab00000)
  object space 68608K, 48% used [0x00000000c0000000,0x00000000c2044258,0x00000000c4300000)
 Metaspace       used 52052K, committed 52992K, reserved 1097728K
  class space    used 5533K, committed 5952K, reserved 1048576K
}
Event: 26.031 GC heap after
{Heap after GC invocations=25 (full 2):
 PSYoungGen      total 22016K, used 588K [0x00000000eab00000, 0x00000000ec280000, 0x0000000100000000)
  eden space 20480K, 0% used [0x00000000eab00000,0x00000000eab00000,0x00000000ebf00000)
  from space 1536K, 38% used [0x00000000ec000000,0x00000000ec093300,0x00000000ec180000)
  to   space 1024K, 0% used [0x00000000ec180000,0x00000000ec180000,0x00000000ec280000)
 ParOldGen       total 68608K, used 33056K [0x00000000c0000000, 0x00000000c4300000, 0x00000000eab00000)
  object space 68608K, 48% used [0x00000000c0000000,0x00000000c2048258,0x00000000c4300000)
 Metaspace       used 52052K, committed 52992K, reserved 1097728K
  class space    used 5533K, committed 5952K, reserved 1048576K
}
Event: 26.824 GC heap before
{Heap before GC invocations=26 (full 2):
 PSYoungGen      total 22016K, used 21068K [0x00000000eab00000, 0x00000000ec280000, 0x0000000100000000)
  eden space 20480K, 100% used [0x00000000eab00000,0x00000000ebf00000,0x00000000ebf00000)
  from space 1536K, 38% used [0x00000000ec000000,0x00000000ec093300,0x00000000ec180000)
  to   space 1024K, 0% used [0x00000000ec180000,0x00000000ec180000,0x00000000ec280000)
 ParOldGen       total 68608K, used 33056K [0x00000000c0000000, 0x00000000c4300000, 0x00000000eab00000)
  object space 68608K, 48% used [0x00000000c0000000,0x00000000c2048258,0x00000000c4300000)
 Metaspace       used 53973K, committed 54912K, reserved 1097728K
  class space    used 5751K, committed 6144K, reserved 1048576K
}
Event: 26.827 GC heap after
{Heap after GC invocations=26 (full 2):
 PSYoungGen      total 21504K, used 864K [0x00000000eab00000, 0x00000000ec280000, 0x0000000100000000)
  eden space 20480K, 0% used [0x00000000eab00000,0x00000000eab00000,0x00000000ebf00000)
  from space 1024K, 84% used [0x00000000ec180000,0x00000000ec258000,0x00000000ec280000)
  to   space 1024K, 0% used [0x00000000ec080000,0x00000000ec080000,0x00000000ec180000)
 ParOldGen       total 68608K, used 33490K [0x00000000c0000000, 0x00000000c4300000, 0x00000000eab00000)
  object space 68608K, 48% used [0x00000000c0000000,0x00000000c20b4a40,0x00000000c4300000)
 Metaspace       used 53973K, committed 54912K, reserved 1097728K
  class space    used 5751K, committed 6144K, reserved 1048576K
}
Event: 27.964 GC heap before
{Heap before GC invocations=27 (full 2):
 PSYoungGen      total 21504K, used 21344K [0x00000000eab00000, 0x00000000ec280000, 0x0000000100000000)
  eden space 20480K, 100% used [0x00000000eab00000,0x00000000ebf00000,0x00000000ebf00000)
  from space 1024K, 84% used [0x00000000ec180000,0x00000000ec258000,0x00000000ec280000)
  to   space 1024K, 0% used [0x00000000ec080000,0x00000000ec080000,0x00000000ec180000)
 ParOldGen       total 68608K, used 33490K [0x00000000c0000000, 0x00000000c4300000, 0x00000000eab00000)
  object space 68608K, 48% used [0x00000000c0000000,0x00000000c20b4a40,0x00000000c4300000)
 Metaspace       used 56471K, committed 57408K, reserved 1105920K
  class space    used 5996K, committed 6400K, reserved 1048576K
}
Event: 27.971 GC heap after
{Heap after GC invocations=27 (full 2):
 PSYoungGen      total 21504K, used 1019K [0x00000000eab00000, 0x00000000eca00000, 0x0000000100000000)
  eden space 20480K, 0% used [0x00000000eab00000,0x00000000eab00000,0x00000000ebf00000)
  from space 1024K, 99% used [0x00000000ec080000,0x00000000ec17ed10,0x00000000ec180000)
  to   space 5632K, 0% used [0x00000000ec480000,0x00000000ec480000,0x00000000eca00000)
 ParOldGen       total 68608K, used 36973K [0x00000000c0000000, 0x00000000c4300000, 0x00000000eab00000)
  object space 68608K, 53% used [0x00000000c0000000,0x00000000c241b7f0,0x00000000c4300000)
 Metaspace       used 56471K, committed 57408K, reserved 1105920K
  class space    used 5996K, committed 6400K, reserved 1048576K
}
Event: 31.759 GC heap before
{Heap before GC invocations=28 (full 2):
 PSYoungGen      total 21504K, used 20363K [0x00000000eab00000, 0x00000000eca00000, 0x0000000100000000)
  eden space 20480K, 94% used [0x00000000eab00000,0x00000000ebde42a0,0x00000000ebf00000)
  from space 1024K, 99% used [0x00000000ec080000,0x00000000ec17ed10,0x00000000ec180000)
  to   space 5632K, 0% used [0x00000000ec480000,0x00000000ec480000,0x00000000eca00000)
 ParOldGen       total 68608K, used 36973K [0x00000000c0000000, 0x00000000c4300000, 0x00000000eab00000)
  object space 68608K, 53% used [0x00000000c0000000,0x00000000c241b7f0,0x00000000c4300000)
 Metaspace       used 58301K, committed 59264K, reserved 1105920K
  class space    used 6169K, committed 6592K, reserved 1048576K
}
Event: 31.763 GC heap after
{Heap after GC invocations=28 (full 2):
 PSYoungGen      total 25088K, used 4498K [0x00000000eab00000, 0x00000000ec900000, 0x0000000100000000)
  eden space 20480K, 0% used [0x00000000eab00000,0x00000000eab00000,0x00000000ebf00000)
  from space 4608K, 97% used [0x00000000ec480000,0x00000000ec8e4b18,0x00000000ec900000)
  to   space 5120K, 0% used [0x00000000ebf00000,0x00000000ebf00000,0x00000000ec400000)
 ParOldGen       total 68608K, used 37994K [0x00000000c0000000, 0x00000000c4300000, 0x00000000eab00000)
  object space 68608K, 55% used [0x00000000c0000000,0x00000000c251ab38,0x00000000c4300000)
 Metaspace       used 58301K, committed 59264K, reserved 1105920K
  class space    used 6169K, committed 6592K, reserved 1048576K
}
Event: 32.200 GC heap before
{Heap before GC invocations=29 (full 2):
 PSYoungGen      total 25088K, used 24978K [0x00000000eab00000, 0x00000000ec900000, 0x0000000100000000)
  eden space 20480K, 100% used [0x00000000eab00000,0x00000000ebf00000,0x00000000ebf00000)
  from space 4608K, 97% used [0x00000000ec480000,0x00000000ec8e4b18,0x00000000ec900000)
  to   space 5120K, 0% used [0x00000000ebf00000,0x00000000ebf00000,0x00000000ec400000)
 ParOldGen       total 79872K, used 75333K [0x00000000c0000000, 0x00000000c4e00000, 0x00000000eab00000)
  object space 79872K, 94% used [0x00000000c0000000,0x00000000c4991688,0x00000000c4e00000)
 Metaspace       used 58309K, committed 59264K, reserved 1105920K
  class space    used 6170K, committed 6592K, reserved 1048576K
}
Event: 32.206 GC heap after
{Heap after GC invocations=29 (full 2):
 PSYoungGen      total 25600K, used 4896K [0x00000000eab00000, 0x00000000ec900000, 0x0000000100000000)
  eden space 20480K, 0% used [0x00000000eab00000,0x00000000eab00000,0x00000000ebf00000)
  from space 5120K, 95% used [0x00000000ebf00000,0x00000000ec3c8000,0x00000000ec400000)
  to   space 5120K, 0% used [0x00000000ec400000,0x00000000ec400000,0x00000000ec900000)
 ParOldGen       total 79872K, used 77497K [0x00000000c0000000, 0x00000000c4e00000, 0x00000000eab00000)
  object space 79872K, 97% used [0x00000000c0000000,0x00000000c4bae5c0,0x00000000c4e00000)
 Metaspace       used 58309K, committed 59264K, reserved 1105920K
  class space    used 6170K, committed 6592K, reserved 1048576K
}
Event: 32.206 GC heap before
{Heap before GC invocations=30 (full 3):
 PSYoungGen      total 25600K, used 4896K [0x00000000eab00000, 0x00000000ec900000, 0x0000000100000000)
  eden space 20480K, 0% used [0x00000000eab00000,0x00000000eab00000,0x00000000ebf00000)
  from space 5120K, 95% used [0x00000000ebf00000,0x00000000ec3c8000,0x00000000ec400000)
  to   space 5120K, 0% used [0x00000000ec400000,0x00000000ec400000,0x00000000ec900000)
 ParOldGen       total 79872K, used 77497K [0x00000000c0000000, 0x00000000c4e00000, 0x00000000eab00000)
  object space 79872K, 97% used [0x00000000c0000000,0x00000000c4bae5c0,0x00000000c4e00000)
 Metaspace       used 58309K, committed 59264K, reserved 1105920K
  class space    used 6170K, committed 6592K, reserved 1048576K
}
Event: 32.321 GC heap after
{Heap after GC invocations=30 (full 3):
 PSYoungGen      total 25600K, used 0K [0x00000000eab00000, 0x00000000ec900000, 0x0000000100000000)
  eden space 20480K, 0% used [0x00000000eab00000,0x00000000eab00000,0x00000000ebf00000)
  from space 5120K, 0% used [0x00000000ec400000,0x00000000ec400000,0x00000000ec900000)
  to   space 5120K, 0% used [0x00000000ebf00000,0x00000000ebf00000,0x00000000ec400000)
 ParOldGen       total 77824K, used 49967K [0x00000000c0000000, 0x00000000c4c00000, 0x00000000eab00000)
  object space 77824K, 64% used [0x00000000c0000000,0x00000000c30cbd20,0x00000000c4c00000)
 Metaspace       used 58309K, committed 59264K, reserved 1105920K
  class space    used 6170K, committed 6592K, reserved 1048576K
}
Event: 32.452 GC heap before
{Heap before GC invocations=31 (full 3):
 PSYoungGen      total 25600K, used 20480K [0x00000000eab00000, 0x00000000ec900000, 0x0000000100000000)
  eden space 20480K, 100% used [0x00000000eab00000,0x00000000ebf00000,0x00000000ebf00000)
  from space 5120K, 0% used [0x00000000ec400000,0x00000000ec400000,0x00000000ec900000)
  to   space 5120K, 0% used [0x00000000ebf00000,0x00000000ebf00000,0x00000000ec400000)
 ParOldGen       total 77824K, used 49967K [0x00000000c0000000, 0x00000000c4c00000, 0x00000000eab00000)
  object space 77824K, 64% used [0x00000000c0000000,0x00000000c30cbd20,0x00000000c4c00000)
 Metaspace       used 58309K, committed 59264K, reserved 1105920K
  class space    used 6170K, committed 6592K, reserved 1048576K
}
Event: 32.465 GC heap after
{Heap after GC invocations=31 (full 3):
 PSYoungGen      total 25600K, used 5120K [0x00000000eab00000, 0x00000000edf00000, 0x0000000100000000)
  eden space 20480K, 0% used [0x00000000eab00000,0x00000000eab00000,0x00000000ebf00000)
  from space 5120K, 100% used [0x00000000ebf00000,0x00000000ec400000,0x00000000ec400000)
  to   space 16384K, 0% used [0x00000000ecf00000,0x00000000ecf00000,0x00000000edf00000)
 ParOldGen       total 77824K, used 59343K [0x00000000c0000000, 0x00000000c4c00000, 0x00000000eab00000)
  object space 77824K, 76% used [0x00000000c0000000,0x00000000c39f3d20,0x00000000c4c00000)
 Metaspace       used 58309K, committed 59264K, reserved 1105920K
  class space    used 6170K, committed 6592K, reserved 1048576K
}
Event: 32.594 GC heap before
{Heap before GC invocations=32 (full 3):
 PSYoungGen      total 25600K, used 25600K [0x00000000eab00000, 0x00000000edf00000, 0x0000000100000000)
  eden space 20480K, 100% used [0x00000000eab00000,0x00000000ebf00000,0x00000000ebf00000)
  from space 5120K, 100% used [0x00000000ebf00000,0x00000000ec400000,0x00000000ec400000)
  to   space 16384K, 0% used [0x00000000ecf00000,0x00000000ecf00000,0x00000000edf00000)
 ParOldGen       total 77824K, used 59343K [0x00000000c0000000, 0x00000000c4c00000, 0x00000000eab00000)
  object space 77824K, 76% used [0x00000000c0000000,0x00000000c39f3d20,0x00000000c4c00000)
 Metaspace       used 58309K, committed 59264K, reserved 1105920K
  class space    used 6170K, committed 6592K, reserved 1048576K
}
Event: 32.610 GC heap after
{Heap after GC invocations=32 (full 3):
 PSYoungGen      total 35328K, used 14368K [0x00000000eab00000, 0x00000000edd80000, 0x0000000100000000)
  eden space 20480K, 0% used [0x00000000eab00000,0x00000000eab00000,0x00000000ebf00000)
  from space 14848K, 96% used [0x00000000ecf00000,0x00000000edd08000,0x00000000edd80000)
  to   space 14848K, 0% used [0x00000000ec080000,0x00000000ec080000,0x00000000ecf00000)
 ParOldGen       total 77824K, used 64495K [0x00000000c0000000, 0x00000000c4c00000, 0x00000000eab00000)
  object space 77824K, 82% used [0x00000000c0000000,0x00000000c3efbd20,0x00000000c4c00000)
 Metaspace       used 58309K, committed 59264K, reserved 1105920K
  class space    used 6170K, committed 6592K, reserved 1048576K
}

Deoptimization events (20 events):
Event: 31.732 Thread 0x000001d4542b8e20 Uncommon trap: trap_request=0xffffffde fr.pc=0x000001d448907bb0 relative=0x0000000000001510
Event: 31.732 Thread 0x000001d4542b8e20 Uncommon trap: reason=class_check action=maybe_recompile pc=0x000001d448907bb0 method=java.util.zip.InflaterInputStream.read([BII)I @ 100 c2
Event: 31.732 Thread 0x000001d4542b8e20 DEOPT PACKING pc=0x000001d448907bb0 sp=0x000000b4cf9fec90
Event: 31.732 Thread 0x000001d4542b8e20 DEOPT UNPACKING pc=0x000001d440c220a3 sp=0x000000b4cf9fece0 mode 2
Event: 31.732 Thread 0x000001d4542b8e20 Uncommon trap: trap_request=0xffffffde fr.pc=0x000001d448907bb0 relative=0x0000000000001510
Event: 31.732 Thread 0x000001d4542b8e20 Uncommon trap: reason=class_check action=maybe_recompile pc=0x000001d448907bb0 method=java.util.zip.InflaterInputStream.read([BII)I @ 100 c2
Event: 31.732 Thread 0x000001d4542b8e20 DEOPT PACKING pc=0x000001d448907bb0 sp=0x000000b4cf9fec90
Event: 31.732 Thread 0x000001d4542b8e20 DEOPT UNPACKING pc=0x000001d440c220a3 sp=0x000000b4cf9fece0 mode 2
Event: 31.911 Thread 0x000001d4542b8e20 Uncommon trap: trap_request=0xffffff45 fr.pc=0x000001d4489eeb28 relative=0x00000000000006c8
Event: 31.911 Thread 0x000001d4542b8e20 Uncommon trap: reason=unstable_if action=reinterpret pc=0x000001d4489eeb28 method=java.util.zip.GZIPInputStream.read([BII)I @ 25 c2
Event: 31.911 Thread 0x000001d4542b8e20 DEOPT PACKING pc=0x000001d4489eeb28 sp=0x000000b4cf9fedf0
Event: 31.911 Thread 0x000001d4542b8e20 DEOPT UNPACKING pc=0x000001d440c220a3 sp=0x000000b4cf9fed58 mode 2
Event: 33.747 Thread 0x000001d4542b97c0 Uncommon trap: trap_request=0xffffff45 fr.pc=0x000001d4489c9b58 relative=0x0000000000000d98
Event: 33.747 Thread 0x000001d4542b97c0 Uncommon trap: reason=unstable_if action=reinterpret pc=0x000001d4489c9b58 method=java.util.regex.Pattern.atom()Ljava/util/regex/Pattern$Node; @ 14 c2
Event: 33.747 Thread 0x000001d4542b97c0 DEOPT PACKING pc=0x000001d4489c9b58 sp=0x000000b4cfefe5b0
Event: 33.747 Thread 0x000001d4542b97c0 DEOPT UNPACKING pc=0x000001d440c220a3 sp=0x000000b4cfefe538 mode 2
Event: 39.635 Thread 0x000001d4542bc310 Uncommon trap: trap_request=0xffffff45 fr.pc=0x000001d448a128d4 relative=0x00000000000002b4
Event: 39.635 Thread 0x000001d4542bc310 Uncommon trap: reason=unstable_if action=reinterpret pc=0x000001d448a128d4 method=java.io.BufferedOutputStream.write([BII)V @ 6 c2
Event: 39.635 Thread 0x000001d4542bc310 DEOPT PACKING pc=0x000001d448a128d4 sp=0x000000b4cfffec20
Event: 39.635 Thread 0x000001d4542bc310 DEOPT UNPACKING pc=0x000001d440c220a3 sp=0x000000b4cfffebe8 mode 2

Classes unloaded (7 events):
Event: 7.188 Thread 0x000001d451d3bba0 Unloading class 0x0000000100218800 'java/lang/invoke/LambdaForm$MH+0x0000000100218800'
Event: 7.188 Thread 0x000001d451d3bba0 Unloading class 0x0000000100218400 'java/lang/invoke/LambdaForm$MH+0x0000000100218400'
Event: 7.188 Thread 0x000001d451d3bba0 Unloading class 0x0000000100218000 'java/lang/invoke/LambdaForm$MH+0x0000000100218000'
Event: 7.188 Thread 0x000001d451d3bba0 Unloading class 0x0000000100217c00 'java/lang/invoke/LambdaForm$MH+0x0000000100217c00'
Event: 7.188 Thread 0x000001d451d3bba0 Unloading class 0x0000000100217400 'java/lang/invoke/LambdaForm$BMH+0x0000000100217400'
Event: 7.188 Thread 0x000001d451d3bba0 Unloading class 0x0000000100217000 'java/lang/invoke/LambdaForm$DMH+0x0000000100217000'
Event: 7.188 Thread 0x000001d451d3bba0 Unloading class 0x0000000100214400 'java/lang/invoke/LambdaForm$DMH+0x0000000100214400'

Classes redefined (0 events):
No events

Internal exceptions (20 events):
Event: 25.885 Thread 0x000001d4539ad8b0 Exception <a 'java/lang/NoSuchMethodError'{0x00000000eb7fdd00}: 'java.lang.Object java.lang.invoke.DirectMethodHandle$Holder.invokeInterface(java.lang.Object, java.lang.Object, java.lang.Object)'> (0x00000000eb7fdd00) 
thrown [e:\jenkins\tmp\workspace\build\src\src\hotspot\share\interpreter\linkResolver.cpp, line 766]
Event: 25.893 Thread 0x000001d4539aff30 Exception <a 'java/io/FileNotFoundException'{0x00000000eb7e3c20}> (0x00000000eb7e3c20) 
thrown [e:\jenkins\tmp\workspace\build\src\src\hotspot\share\prims\jni.cpp, line 516]
Event: 25.894 Thread 0x000001d4539aff30 Exception <a 'java/io/FileNotFoundException'{0x00000000eb7e5a90}> (0x00000000eb7e5a90) 
thrown [e:\jenkins\tmp\workspace\build\src\src\hotspot\share\prims\jni.cpp, line 516]
Event: 25.894 Thread 0x000001d4539aff30 Exception <a 'java/io/FileNotFoundException'{0x00000000eb7e70a8}> (0x00000000eb7e70a8) 
thrown [e:\jenkins\tmp\workspace\build\src\src\hotspot\share\prims\jni.cpp, line 516]
Event: 25.992 Thread 0x000001d4539ad8b0 Exception <a 'java/lang/NoSuchMethodError'{0x00000000ebb6d648}: 'int java.lang.invoke.DirectMethodHandle$Holder.invokeVirtual(java.lang.Object, java.lang.Object)'> (0x00000000ebb6d648) 
thrown [e:\jenkins\tmp\workspace\build\src\src\hotspot\share\interpreter\linkResolver.cpp, line 766]
Event: 26.442 Thread 0x000001d4539ad8b0 Exception <a 'java/io/FileNotFoundException'{0x00000000eb904330}> (0x00000000eb904330) 
thrown [e:\jenkins\tmp\workspace\build\src\src\hotspot\share\prims\jni.cpp, line 516]
Event: 26.497 Thread 0x000001d4539b0da0 Exception <a 'sun/nio/fs/WindowsException'{0x00000000eba416c0}> (0x00000000eba416c0) 
thrown [e:\jenkins\tmp\workspace\build\src\src\hotspot\share\prims\jni.cpp, line 516]
Event: 26.497 Thread 0x000001d4539b0da0 Exception <a 'sun/nio/fs/WindowsException'{0x00000000eba41a80}> (0x00000000eba41a80) 
thrown [e:\jenkins\tmp\workspace\build\src\src\hotspot\share\prims\jni.cpp, line 516]
Event: 26.804 Thread 0x000001d4539ad8b0 Exception <a 'java/lang/NoSuchMethodError'{0x00000000ebeb5480}: 'int java.lang.invoke.DirectMethodHandle$Holder.invokeStatic(java.lang.Object, java.lang.Object, java.lang.Object, int)'> (0x00000000ebeb5480) 
thrown [e:\jenkins\tmp\workspace\build\src\src\hotspot\share\interpreter\linkResolver.cpp, line 766]
Event: 26.871 Thread 0x000001d4539ad8b0 Exception <a 'java/lang/NoSuchMethodError'{0x00000000eab72dc0}: 'int java.lang.invoke.DirectMethodHandle$Holder.invokeVirtual(java.lang.Object, java.lang.Object, java.lang.Object)'> (0x00000000eab72dc0) 
thrown [e:\jenkins\tmp\workspace\build\src\src\hotspot\share\interpreter\linkResolver.cpp, line 766]
Event: 27.031 Thread 0x000001d4539ad8b0 Exception <a 'java/io/FileNotFoundException'{0x00000000eada3d28}> (0x00000000eada3d28) 
thrown [e:\jenkins\tmp\workspace\build\src\src\hotspot\share\prims\jni.cpp, line 516]
Event: 27.506 Thread 0x000001d4539ad8b0 Exception <a 'java/io/FileNotFoundException'{0x00000000eb5d7f58}> (0x00000000eb5d7f58) 
thrown [e:\jenkins\tmp\workspace\build\src\src\hotspot\share\prims\jni.cpp, line 516]
Event: 27.506 Thread 0x000001d4539ad8b0 Exception <a 'java/io/FileNotFoundException'{0x00000000eb5d9558}> (0x00000000eb5d9558) 
thrown [e:\jenkins\tmp\workspace\build\src\src\hotspot\share\prims\jni.cpp, line 516]
Event: 27.721 Thread 0x000001d4539ad8b0 Exception <a 'java/lang/ClassNotFoundException'{0x00000000eba45d78}: sun/util/logging/resources/spi/loggingProvider> (0x00000000eba45d78) 
thrown [e:\jenkins\tmp\workspace\build\src\src\hotspot\share\classfile\systemDictionary.cpp, line 256]
Event: 27.852 Thread 0x000001d4539b1270 Implicit null exception at 0x000001d4489b01b4 to 0x000001d4489b0558
Event: 27.961 Thread 0x000001d4539b0da0 Exception <a 'sun/nio/fs/WindowsException'{0x00000000ebef8e30}> (0x00000000ebef8e30) 
thrown [e:\jenkins\tmp\workspace\build\src\src\hotspot\share\prims\jni.cpp, line 516]
Event: 28.110 Thread 0x000001d4539b1270 Exception <a 'sun/nio/fs/WindowsException'{0x00000000ead317e0}> (0x00000000ead317e0) 
thrown [e:\jenkins\tmp\workspace\build\src\src\hotspot\share\prims\jni.cpp, line 516]
Event: 31.339 Thread 0x000001d4542bfcd0 Exception <a 'java/io/FileNotFoundException'{0x00000000eb2a50f0}> (0x00000000eb2a50f0) 
thrown [e:\jenkins\tmp\workspace\build\src\src\hotspot\share\prims\jni.cpp, line 516]
Event: 31.388 Thread 0x000001d4542b8e20 Exception <a 'sun/nio/fs/WindowsException'{0x00000000eb4d9ea8}> (0x00000000eb4d9ea8) 
thrown [e:\jenkins\tmp\workspace\build\src\src\hotspot\share\prims\jni.cpp, line 516]
Event: 33.757 Thread 0x000001d4542b97c0 Exception <a 'java/lang/ArrayIndexOutOfBoundsException'{0x00000000eb3295d8}: Index 34 out of bounds for length 33> (0x00000000eb3295d8) 
thrown [e:\jenkins\tmp\workspace\build\src\src\hotspot\share\interpreter\interpreterRuntime.cpp, line 428]

VM Operations (20 events):
Event: 31.759 Executing VM operation: ParallelGCFailedAllocation
Event: 31.763 Executing VM operation: ParallelGCFailedAllocation done
Event: 32.200 Executing VM operation: ParallelGCFailedAllocation
Event: 32.321 Executing VM operation: ParallelGCFailedAllocation done
Event: 32.452 Executing VM operation: ParallelGCFailedAllocation
Event: 32.465 Executing VM operation: ParallelGCFailedAllocation done
Event: 32.594 Executing VM operation: ParallelGCFailedAllocation
Event: 32.610 Executing VM operation: ParallelGCFailedAllocation done
Event: 33.611 Executing VM operation: Cleanup
Event: 33.611 Executing VM operation: Cleanup done
Event: 34.620 Executing VM operation: Cleanup
Event: 34.620 Executing VM operation: Cleanup done
Event: 38.184 Executing VM operation: HandshakeAllThreads
Event: 38.184 Executing VM operation: HandshakeAllThreads done
Event: 38.184 Executing VM operation: Cleanup
Event: 38.184 Executing VM operation: Cleanup done
Event: 38.184 Executing VM operation: HandshakeAllThreads
Event: 38.184 Executing VM operation: HandshakeAllThreads done
Event: 39.197 Executing VM operation: Cleanup
Event: 39.197 Executing VM operation: Cleanup done

Events (20 events):
Event: 31.473 loading class com/sun/crypto/provider/CipherBlockChaining done
Event: 31.473 loading class sun/security/jca/JCAUtil
Event: 31.474 loading class sun/security/jca/JCAUtil done
Event: 31.476 loading class javax/crypto/NullCipher
Event: 31.476 loading class javax/crypto/NullCipher done
Event: 31.476 loading class sun/security/util/ArrayUtil
Event: 31.478 loading class sun/security/util/ArrayUtil done
Event: 31.525 Thread 0x000001d4571c1a90 Thread added: 0x000001d4571c1a90
Event: 31.911 loading class java/util/zip/GZIPInputStream$1
Event: 31.911 loading class java/util/zip/GZIPInputStream$1 done
Event: 31.977 Thread 0x000001d4571c1a90 Thread exited: 0x000001d4571c1a90
Event: 31.979 Thread 0x000001d4571c0650 Thread added: 0x000001d4571c0650
Event: 32.326 Thread 0x000001d4571c0650 Thread exited: 0x000001d4571c0650
Event: 32.648 Thread 0x000001d4542b8e20 Thread exited: 0x000001d4542b8e20
Event: 34.410 Thread 0x000001d4571bf210 Thread added: 0x000001d4571bf210
Event: 38.127 Thread 0x000001d4571bf210 Thread exited: 0x000001d4571bf210
Event: 38.186 Thread 0x000001d45371baf0 flushing nmethod 0x000001d44892d890
Event: 38.196 Thread 0x000001d45371baf0 flushing nmethod 0x000001d441bbd910
Event: 39.828 loading class java/util/concurrent/CompletableFuture$Signaller
Event: 39.828 loading class java/util/concurrent/CompletableFuture$Signaller done


Dynamic libraries:
0x00007ff618f00000 - 0x00007ff618f0e000 	c:\Users\ad-brunomarques\.vscode\extensions\redhat.java-1.9.0-win32-x64\jre\17.0.3-win32-x86_64\bin\java.exe
0x00007fff7ead0000 - 0x00007fff7ecc8000 	C:\WINDOWS\SYSTEM32\ntdll.dll
0x00007fff7dbb0000 - 0x00007fff7dc6d000 	C:\WINDOWS\System32\KERNEL32.DLL
0x00007fff7c860000 - 0x00007fff7cb2e000 	C:\WINDOWS\System32\KERNELBASE.dll
0x00007fff7c4a0000 - 0x00007fff7c5a0000 	C:\WINDOWS\System32\ucrtbase.dll
0x00007fff78da0000 - 0x00007fff78db8000 	c:\Users\ad-brunomarques\.vscode\extensions\redhat.java-1.9.0-win32-x64\jre\17.0.3-win32-x86_64\bin\jli.dll
0x00007fff7d1a0000 - 0x00007fff7d340000 	C:\WINDOWS\System32\USER32.dll
0x00007fff7c1f0000 - 0x00007fff7c212000 	C:\WINDOWS\System32\win32u.dll
0x00007fff7d6c0000 - 0x00007fff7d6ea000 	C:\WINDOWS\System32\GDI32.dll
0x00007fff7c250000 - 0x00007fff7c35b000 	C:\WINDOWS\System32\gdi32full.dll
0x00007fff7c750000 - 0x00007fff7c7ed000 	C:\WINDOWS\System32\msvcp_win.dll
0x00007fff78d80000 - 0x00007fff78d99000 	c:\Users\ad-brunomarques\.vscode\extensions\redhat.java-1.9.0-win32-x64\jre\17.0.3-win32-x86_64\bin\VCRUNTIME140.dll
0x00007fff6d440000 - 0x00007fff6d6da000 	C:\WINDOWS\WinSxS\amd64_microsoft.windows.common-controls_6595b64144ccf1df_6.0.19041.1110_none_60b5254171f9507e\COMCTL32.dll
0x00007fff7d9e0000 - 0x00007fff7da7e000 	C:\WINDOWS\System32\msvcrt.dll
0x00007fff7ce10000 - 0x00007fff7ce40000 	C:\WINDOWS\System32\IMM32.DLL
0x00007fff78e40000 - 0x00007fff78e4c000 	c:\Users\ad-brunomarques\.vscode\extensions\redhat.java-1.9.0-win32-x64\jre\17.0.3-win32-x86_64\bin\vcruntime140_1.dll
0x00007fff52c70000 - 0x00007fff52d01000 	c:\Users\ad-brunomarques\.vscode\extensions\redhat.java-1.9.0-win32-x64\jre\17.0.3-win32-x86_64\bin\msvcp140.dll
0x00007fff49b90000 - 0x00007fff4a7d8000 	c:\Users\ad-brunomarques\.vscode\extensions\redhat.java-1.9.0-win32-x64\jre\17.0.3-win32-x86_64\bin\server\jvm.dll
0x00007fff7d5b0000 - 0x00007fff7d65e000 	C:\WINDOWS\System32\ADVAPI32.dll
0x00007fff7d6f0000 - 0x00007fff7d78c000 	C:\WINDOWS\System32\sechost.dll
0x00007fff7da80000 - 0x00007fff7dba5000 	C:\WINDOWS\System32\RPCRT4.dll
0x00007fff7dc70000 - 0x00007fff7dc78000 	C:\WINDOWS\System32\PSAPI.DLL
0x00007fff78df0000 - 0x00007fff78df9000 	C:\WINDOWS\SYSTEM32\WSOCK32.dll
0x00007fff7dc80000 - 0x00007fff7dceb000 	C:\WINDOWS\System32\WS2_32.dll
0x00007fff63f50000 - 0x00007fff63f77000 	C:\WINDOWS\SYSTEM32\WINMM.dll
0x00007fff76ac0000 - 0x00007fff76aca000 	C:\WINDOWS\SYSTEM32\VERSION.dll
0x00007fff79ff0000 - 0x00007fff7a002000 	C:\WINDOWS\SYSTEM32\kernel.appcore.dll
0x00007fff769e0000 - 0x00007fff769ea000 	c:\Users\ad-brunomarques\.vscode\extensions\redhat.java-1.9.0-win32-x64\jre\17.0.3-win32-x86_64\bin\jimage.dll
0x00007fff6b590000 - 0x00007fff6b774000 	C:\WINDOWS\SYSTEM32\DBGHELP.DLL
0x00007fff71ed0000 - 0x00007fff71efc000 	C:\WINDOWS\SYSTEM32\dbgcore.DLL
0x00007fff7c360000 - 0x00007fff7c3e2000 	C:\WINDOWS\System32\bcryptPrimitives.dll
0x00007fff769d0000 - 0x00007fff769de000 	c:\Users\ad-brunomarques\.vscode\extensions\redhat.java-1.9.0-win32-x64\jre\17.0.3-win32-x86_64\bin\instrument.dll
0x00007fff709d0000 - 0x00007fff709f5000 	c:\Users\ad-brunomarques\.vscode\extensions\redhat.java-1.9.0-win32-x64\jre\17.0.3-win32-x86_64\bin\java.dll
0x00007fff755d0000 - 0x00007fff755e8000 	c:\Users\ad-brunomarques\.vscode\extensions\redhat.java-1.9.0-win32-x64\jre\17.0.3-win32-x86_64\bin\zip.dll
0x00007fff7dd50000 - 0x00007fff7e494000 	C:\WINDOWS\System32\SHELL32.dll
0x00007fff7a2d0000 - 0x00007fff7aa64000 	C:\WINDOWS\SYSTEM32\windows.storage.dll
0x00007fff7ce40000 - 0x00007fff7d194000 	C:\WINDOWS\System32\combase.dll
0x00007fff7baa0000 - 0x00007fff7bad0000 	C:\WINDOWS\SYSTEM32\Wldp.dll
0x00007fff7cc50000 - 0x00007fff7ccfd000 	C:\WINDOWS\System32\SHCORE.dll
0x00007fff7cd00000 - 0x00007fff7cd55000 	C:\WINDOWS\System32\shlwapi.dll
0x00007fff7c130000 - 0x00007fff7c14f000 	C:\WINDOWS\SYSTEM32\profapi.dll
0x00007fff709b0000 - 0x00007fff709c9000 	C:\Users\ad-brunomarques\.vscode\extensions\redhat.java-1.9.0-win32-x64\jre\17.0.3-win32-x86_64\bin\net.dll
0x00007fff731c0000 - 0x00007fff732ca000 	C:\WINDOWS\SYSTEM32\WINHTTP.dll
0x00007fff7b880000 - 0x00007fff7b8ea000 	C:\WINDOWS\system32\mswsock.dll
0x00007fff6c7f0000 - 0x00007fff6c805000 	C:\Users\ad-brunomarques\.vscode\extensions\redhat.java-1.9.0-win32-x64\jre\17.0.3-win32-x86_64\bin\nio.dll
0x00007fff6a510000 - 0x00007fff6a520000 	c:\Users\ad-brunomarques\.vscode\extensions\redhat.java-1.9.0-win32-x64\jre\17.0.3-win32-x86_64\bin\verify.dll
0x00007fff68df0000 - 0x00007fff68e2e000 	C:\Users\ad-brunomarques\AppData\Roaming\Code\User\globalStorage\redhat.java\1.9.0\config_win\org.eclipse.equinox.launcher\org.eclipse.equinox.launcher.win32.win32.x86_64_1.2.500.v20220509-0833\eclipse_11700.dll
0x00007fff7d3a0000 - 0x00007fff7d4ca000 	C:\WINDOWS\System32\ole32.dll
0x00007fff7be10000 - 0x00007fff7be28000 	C:\WINDOWS\SYSTEM32\CRYPTSP.dll
0x00007fff7b220000 - 0x00007fff7b254000 	C:\WINDOWS\system32\rsaenh.dll
0x00007fff7c220000 - 0x00007fff7c247000 	C:\WINDOWS\System32\bcrypt.dll
0x00007fff7c0f0000 - 0x00007fff7c11e000 	C:\WINDOWS\SYSTEM32\USERENV.dll
0x00007fff7ba10000 - 0x00007fff7ba1c000 	C:\WINDOWS\SYSTEM32\CRYPTBASE.dll
0x00007fff7b590000 - 0x00007fff7b5cb000 	C:\WINDOWS\SYSTEM32\IPHLPAPI.DLL
0x00007fff7d790000 - 0x00007fff7d798000 	C:\WINDOWS\System32\NSI.dll
0x00007fff76350000 - 0x00007fff76367000 	C:\WINDOWS\SYSTEM32\dhcpcsvc6.DLL
0x00007fff76310000 - 0x00007fff7632d000 	C:\WINDOWS\SYSTEM32\dhcpcsvc.DLL
0x00007fff7b5d0000 - 0x00007fff7b69b000 	C:\WINDOWS\SYSTEM32\DNSAPI.dll
0x00007fff66540000 - 0x00007fff66584000 	C:\Users\ad-brunomarques\AppData\Local\Temp\jna-189453364\jna4192150294191664109.dll

dbghelp: loaded successfully - version: 4.0.5 - missing functions: none
symbol engine: initialized successfully - sym options: 0x614 - pdb path: .;c:\Users\ad-brunomarques\.vscode\extensions\redhat.java-1.9.0-win32-x64\jre\17.0.3-win32-x86_64\bin;C:\WINDOWS\SYSTEM32;C:\WINDOWS\WinSxS\amd64_microsoft.windows.common-controls_6595b64144ccf1df_6.0.19041.1110_none_60b5254171f9507e;c:\Users\ad-brunomarques\.vscode\extensions\redhat.java-1.9.0-win32-x64\jre\17.0.3-win32-x86_64\bin\server;C:\Users\ad-brunomarques\AppData\Roaming\Code\User\globalStorage\redhat.java\1.9.0\config_win\org.eclipse.equinox.launcher\org.eclipse.equinox.launcher.win32.win32.x86_64_1.2.500.v20220509-0833;C:\Users\ad-brunomarques\AppData\Local\Temp\jna-189453364

VM Arguments:
jvm_args: --add-modules=ALL-SYSTEM --add-opens=java.base/java.util=ALL-UNNAMED --add-opens=java.base/java.lang=ALL-UNNAMED --add-opens=java.base/sun.nio.fs=ALL-UNNAMED -Declipse.application=org.eclipse.jdt.ls.core.id1 -Dosgi.bundles.defaultStartLevel=4 -Declipse.product=org.eclipse.jdt.ls.core.product -Djava.import.generatesMetadataFilesAtProjectRoot=false -Dfile.encoding=utf8 -DwatchParentProcess=false -XX:+UseParallelGC -XX:GCTimeRatio=4 -XX:AdaptiveSizePolicyWeight=90 -Dsun.zip.disableMemoryMapping=true -Xmx1G -Xms100m -javaagent:c:\Users\ad-brunomarques\.vscode\extensions\redhat.java-1.9.0-win32-x64\lombok\lombok-1.18.24.jar -XX:+HeapDumpOnOutOfMemoryError -XX:HeapDumpPath=c:\Users\ad-brunomarques\AppData\Roaming\Code\User\workspaceStorage\caced3f5f0bffc55a71e389093513d8f\redhat.java 
java_command: c:\Users\ad-brunomarques\.vscode\extensions\redhat.java-1.9.0-win32-x64\server\plugins\org.eclipse.equinox.launcher_1.6.400.v20210924-0641.jar -configuration c:\Users\ad-brunomarques\AppData\Roaming\Code\User\globalStorage\redhat.java\1.9.0\config_win -data c:\Users\ad-brunomarques\AppData\Roaming\Code\User\workspaceStorage\caced3f5f0bffc55a71e389093513d8f\redhat.java\jdt_ws
java_class_path (initial): c:\Users\ad-brunomarques\.vscode\extensions\redhat.java-1.9.0-win32-x64\server\plugins\org.eclipse.equinox.launcher_1.6.400.v20210924-0641.jar
Launcher Type: SUN_STANDARD

[Global flags]
    uintx AdaptiveSizePolicyWeight                 = 90                                        {product} {command line}
     intx CICompilerCount                          = 3                                         {product} {ergonomic}
    uintx GCTimeRatio                              = 4                                         {product} {command line}
     bool HeapDumpOnOutOfMemoryError               = true                                   {manageable} {command line}
    ccstr HeapDumpPath                             = c:\Users\ad-brunomarques\AppData\Roaming\Code\User\workspaceStorage\caced3f5f0bffc55a71e389093513d8f\redhat.java         {manageable} {command line}
   size_t InitialHeapSize                          = 104857600                                 {product} {command line}
   size_t MaxHeapSize                              = 1073741824                                {product} {command line}
   size_t MaxNewSize                               = 357564416                                 {product} {ergonomic}
   size_t MinHeapDeltaBytes                        = 524288                                    {product} {ergonomic}
   size_t MinHeapSize                              = 104857600                                 {product} {command line}
   size_t NewSize                                  = 34603008                                  {product} {ergonomic}
    uintx NonNMethodCodeHeapSize                   = 5832780                                {pd product} {ergonomic}
    uintx NonProfiledCodeHeapSize                  = 122912730                              {pd product} {ergonomic}
   size_t OldSize                                  = 70254592                                  {product} {ergonomic}
    uintx ProfiledCodeHeapSize                     = 122912730                              {pd product} {ergonomic}
    uintx ReservedCodeCacheSize                    = 251658240                              {pd product} {ergonomic}
     bool SegmentedCodeCache                       = true                                      {product} {ergonomic}
   size_t SoftMaxHeapSize                          = 1073741824                             {manageable} {ergonomic}
     bool UseCompressedClassPointers               = true                           {product lp64_product} {ergonomic}
     bool UseCompressedOops                        = true                           {product lp64_product} {ergonomic}
     bool UseLargePagesIndividualAllocation        = false                                  {pd product} {ergonomic}
     bool UseParallelGC                            = true                                      {product} {command line}

Logging:
Log output configuration:
 #0: stdout all=warning uptime,level,tags
 #1: stderr all=off uptime,level,tags

Environment Variables:
JAVA_HOME=C:\Program Files\Java\jdk-11.0.15
PATH=C:\Program Files\Common Files\Oracle\Java\javapath;C:\Program Files (x86)\Common Files\Oracle\Java\javapath;C:\WINDOWS\system32;C:\WINDOWS;C:\WINDOWS\System32\Wbem;C:\WINDOWS\System32\WindowsPowerShell\v1.0\;C:\WINDOWS\System32\OpenSSH\;C:\Program Files (x86)\PDFtk Server\bin\;C:\Program Files (x86)\HP\Common\HPDestPlgIn\;C:\Program Files (x86)\PDFtk\bin\;C:\ProgramData\chocolatey\bin;C:\Program Files\Git\cmd;C:\Program Files\nodejs\;C:\Program Files\dotnet\;C:\Program Files\Java\jdk-11.0.15\bin;C:\Users\ad-brunomarques\AppData\Local\Microsoft\WindowsApps;C:\Users\ad-brunomarques\AppData\Local\Programs\Microsoft VS Code\bin;C:\Users\ad-brunomarques\AppData\Local\GitHubDesktop\bin;C:\Users\ad-brunomarques\AppData\Roaming\npm;C:\Users\ad-brunomarques\.dotnet\tools
USERNAME=ad-brunomarques
OS=Windows_NT
PROCESSOR_IDENTIFIER=Intel64 Family 6 Model 58 Stepping 9, GenuineIntel



---------------  S Y S T E M  ---------------

OS:
 Windows 10 , 64 bit Build 19041 (10.0.19041.1806)
OS uptime: 0 days 0:50 hours
Hyper-V role detected

CPU: total 4 (initial active 4) (2 cores per cpu, 2 threads per core) family 6 model 58 stepping 9 microcode 0x21, cx8, cmov, fxsr, ht, mmx, sse, sse2, sse3, ssse3, sse4.1, sse4.2, popcnt, tsc, tscinvbit, avx, erms, clmul, vzeroupper, clflush, hv

Memory: 4k page, system-wide physical 8109M (3619M free)
TotalPageFile size 8109M (AvailPageFile size 3863M)
current process WorkingSet (physical memory assigned to process): 274M, peak: 275M
current process commit charge ("private bytes"): 311M, peak: 311M

vm_info: OpenJDK 64-Bit Server VM (17.0.3+7) for windows-amd64 JRE (17.0.3+7), built on Apr 19 2022 16:55:35 by "" with MS VC++ 16.7 (VS2019)

END.
